Determining if the pthread_create exist failed with the following output:
Change Dir: /usr/local/opencmiss/examples/simple_muscle_harry/build_debug/CMakeFiles/CMakeTmp

Run Build Command:"/usr/bin/make" "cmTC_baee7/fast"
/usr/bin/make -f CMakeFiles/cmTC_baee7.dir/build.make CMakeFiles/cmTC_baee7.dir/build
make[1]: Entering directory '/usr/local/opencmiss/examples/simple_muscle_harry/build_debug/CMakeFiles/CMakeTmp'
Building C object CMakeFiles/cmTC_baee7.dir/CheckSymbolExists.c.o
/usr/bin/cc     -o CMakeFiles/cmTC_baee7.dir/CheckSymbolExists.c.o   -c /usr/local/opencmiss/examples/simple_muscle_harry/build_debug/CMakeFiles/CMakeTmp/CheckSymbolExists.c
Linking C executable cmTC_baee7
/usr/bin/cmake -E cmake_link_script CMakeFiles/cmTC_baee7.dir/link.txt --verbose=1
/usr/bin/cc       CMakeFiles/cmTC_baee7.dir/CheckSymbolExists.c.o  -o cmTC_baee7 -rdynamic 
CMakeFiles/cmTC_baee7.dir/CheckSymbolExists.c.o: In function `main':
CheckSymbolExists.c:(.text+0x16): undefined reference to `pthread_create'
collect2: error: ld returned 1 exit status
CMakeFiles/cmTC_baee7.dir/build.make:97: recipe for target 'cmTC_baee7' failed
make[1]: *** [cmTC_baee7] Error 1
make[1]: Leaving directory '/usr/local/opencmiss/examples/simple_muscle_harry/build_debug/CMakeFiles/CMakeTmp'
Makefile:126: recipe for target 'cmTC_baee7/fast' failed
make: *** [cmTC_baee7/fast] Error 2

File /usr/local/opencmiss/examples/simple_muscle_harry/build_debug/CMakeFiles/CMakeTmp/CheckSymbolExists.c:
/* */
#include <pthread.h>

int main(int argc, char** argv)
{
  (void)argv;
#ifndef pthread_create
  return ((int*)(&pthread_create))[argc];
#else
  (void)argc;
  return 0;
#endif
}

Determining if the function pthread_create exists in the pthreads failed with the following output:
Change Dir: /usr/local/opencmiss/examples/simple_muscle_harry/build_debug/CMakeFiles/CMakeTmp

Run Build Command:"/usr/bin/make" "cmTC_65627/fast"
/usr/bin/make -f CMakeFiles/cmTC_65627.dir/build.make CMakeFiles/cmTC_65627.dir/build
make[1]: Entering directory '/usr/local/opencmiss/examples/simple_muscle_harry/build_debug/CMakeFiles/CMakeTmp'
Building C object CMakeFiles/cmTC_65627.dir/CheckFunctionExists.c.o
/usr/bin/cc    -DCHECK_FUNCTION_EXISTS=pthread_create   -o CMakeFiles/cmTC_65627.dir/CheckFunctionExists.c.o   -c /usr/share/cmake-3.5/Modules/CheckFunctionExists.c
Linking C executable cmTC_65627
/usr/bin/cmake -E cmake_link_script CMakeFiles/cmTC_65627.dir/link.txt --verbose=1
/usr/bin/cc   -DCHECK_FUNCTION_EXISTS=pthread_create    CMakeFiles/cmTC_65627.dir/CheckFunctionExists.c.o  -o cmTC_65627 -rdynamic -lpthreads 
/usr/bin/ld: cannot find -lpthreads
collect2: error: ld returned 1 exit status
CMakeFiles/cmTC_65627.dir/build.make:97: recipe for target 'cmTC_65627' failed
make[1]: *** [cmTC_65627] Error 1
make[1]: Leaving directory '/usr/local/opencmiss/examples/simple_muscle_harry/build_debug/CMakeFiles/CMakeTmp'
Makefile:126: recipe for target 'cmTC_65627/fast' failed
make: *** [cmTC_65627/fast] Error 2


Determining if the pthread_create exist failed with the following output:
Change Dir: /usr/local/opencmiss/examples/simple_muscle_harry_SA_TA/build_debug/CMakeFiles/CMakeTmp

Run Build Command:"/usr/bin/make" "cmTC_93dea/fast"
/usr/bin/make -f CMakeFiles/cmTC_93dea.dir/build.make CMakeFiles/cmTC_93dea.dir/build
make[1]: Entering directory '/usr/local/opencmiss/examples/simple_muscle_harry_SA_TA/build_debug/CMakeFiles/CMakeTmp'
Building C object CMakeFiles/cmTC_93dea.dir/CheckSymbolExists.c.o
/usr/bin/cc     -o CMakeFiles/cmTC_93dea.dir/CheckSymbolExists.c.o   -c /usr/local/opencmiss/examples/simple_muscle_harry_SA_TA/build_debug/CMakeFiles/CMakeTmp/CheckSymbolExists.c
Linking C executable cmTC_93dea
/usr/bin/cmake -E cmake_link_script CMakeFiles/cmTC_93dea.dir/link.txt --verbose=1
/usr/bin/cc       CMakeFiles/cmTC_93dea.dir/CheckSymbolExists.c.o  -o cmTC_93dea -rdynamic 
CMakeFiles/cmTC_93dea.dir/CheckSymbolExists.c.o: In function `main':
CheckSymbolExists.c:(.text+0x16): undefined reference to `pthread_create'
collect2: error: ld returned 1 exit status
CMakeFiles/cmTC_93dea.dir/build.make:97: recipe for target 'cmTC_93dea' failed
make[1]: *** [cmTC_93dea] Error 1
make[1]: Leaving directory '/usr/local/opencmiss/examples/simple_muscle_harry_SA_TA/build_debug/CMakeFiles/CMakeTmp'
Makefile:126: recipe for target 'cmTC_93dea/fast' failed
make: *** [cmTC_93dea/fast] Error 2

File /usr/local/opencmiss/examples/simple_muscle_harry_SA_TA/build_debug/CMakeFiles/CMakeTmp/CheckSymbolExists.c:
/* */
#include <pthread.h>

int main(int argc, char** argv)
{
  (void)argv;
#ifndef pthread_create
  return ((int*)(&pthread_create))[argc];
#else
  (void)argc;
  return 0;
#endif
}

Determining if the function pthread_create exists in the pthreads failed with the following output:
Change Dir: /usr/local/opencmiss/examples/simple_muscle_harry_SA_TA/build_debug/CMakeFiles/CMakeTmp

Run Build Command:"/usr/bin/make" "cmTC_e3643/fast"
/usr/bin/make -f CMakeFiles/cmTC_e3643.dir/build.make CMakeFiles/cmTC_e3643.dir/build
make[1]: Entering directory '/usr/local/opencmiss/examples/simple_muscle_harry_SA_TA/build_debug/CMakeFiles/CMakeTmp'
Building C object CMakeFiles/cmTC_e3643.dir/CheckFunctionExists.c.o
/usr/bin/cc    -DCHECK_FUNCTION_EXISTS=pthread_create   -o CMakeFiles/cmTC_e3643.dir/CheckFunctionExists.c.o   -c /usr/share/cmake-3.5/Modules/CheckFunctionExists.c
Linking C executable cmTC_e3643
/usr/bin/cmake -E cmake_link_script CMakeFiles/cmTC_e3643.dir/link.txt --verbose=1
/usr/bin/cc   -DCHECK_FUNCTION_EXISTS=pthread_create    CMakeFiles/cmTC_e3643.dir/CheckFunctionExists.c.o  -o cmTC_e3643 -rdynamic -lpthreads 
/usr/bin/ld: cannot find -lpthreads
collect2: error: ld returned 1 exit status
CMakeFiles/cmTC_e3643.dir/build.make:97: recipe for target 'cmTC_e3643' failed
make[1]: *** [cmTC_e3643] Error 1
make[1]: Leaving directory '/usr/local/opencmiss/examples/simple_muscle_harry_SA_TA/build_debug/CMakeFiles/CMakeTmp'
Makefile:126: recipe for target 'cmTC_e3643/fast' failed
make: *** [cmTC_e3643/fast] Error 2


