Determining if the pthread_create exist failed with the following output:
Change Dir: /usr/local/opencmiss/examples/simple_muscle_activation/build_debug/CMakeFiles/CMakeTmp

Run Build Command:"/usr/bin/make" "cmTC_abd32/fast"
/usr/bin/make -f CMakeFiles/cmTC_abd32.dir/build.make CMakeFiles/cmTC_abd32.dir/build
make[1]: Entering directory '/usr/local/opencmiss/examples/simple_muscle_activation/build_debug/CMakeFiles/CMakeTmp'
Building C object CMakeFiles/cmTC_abd32.dir/CheckSymbolExists.c.o
/usr/bin/cc     -o CMakeFiles/cmTC_abd32.dir/CheckSymbolExists.c.o   -c /usr/local/opencmiss/examples/simple_muscle_activation/build_debug/CMakeFiles/CMakeTmp/CheckSymbolExists.c
Linking C executable cmTC_abd32
/usr/bin/cmake -E cmake_link_script CMakeFiles/cmTC_abd32.dir/link.txt --verbose=1
/usr/bin/cc       CMakeFiles/cmTC_abd32.dir/CheckSymbolExists.c.o  -o cmTC_abd32 -rdynamic 
CMakeFiles/cmTC_abd32.dir/CheckSymbolExists.c.o: In function `main':
CheckSymbolExists.c:(.text+0x16): undefined reference to `pthread_create'
collect2: error: ld returned 1 exit status
CMakeFiles/cmTC_abd32.dir/build.make:97: recipe for target 'cmTC_abd32' failed
make[1]: *** [cmTC_abd32] Error 1
make[1]: Leaving directory '/usr/local/opencmiss/examples/simple_muscle_activation/build_debug/CMakeFiles/CMakeTmp'
Makefile:126: recipe for target 'cmTC_abd32/fast' failed
make: *** [cmTC_abd32/fast] Error 2

File /usr/local/opencmiss/examples/simple_muscle_activation/build_debug/CMakeFiles/CMakeTmp/CheckSymbolExists.c:
/* */
#include <pthread.h>

int main(int argc, char** argv)
{
  (void)argv;
#ifndef pthread_create
  return ((int*)(&pthread_create))[argc];
#else
  (void)argc;
  return 0;
#endif
}

Determining if the function pthread_create exists in the pthreads failed with the following output:
Change Dir: /usr/local/opencmiss/examples/simple_muscle_activation/build_debug/CMakeFiles/CMakeTmp

Run Build Command:"/usr/bin/make" "cmTC_67cb5/fast"
/usr/bin/make -f CMakeFiles/cmTC_67cb5.dir/build.make CMakeFiles/cmTC_67cb5.dir/build
make[1]: Entering directory '/usr/local/opencmiss/examples/simple_muscle_activation/build_debug/CMakeFiles/CMakeTmp'
Building C object CMakeFiles/cmTC_67cb5.dir/CheckFunctionExists.c.o
/usr/bin/cc    -DCHECK_FUNCTION_EXISTS=pthread_create   -o CMakeFiles/cmTC_67cb5.dir/CheckFunctionExists.c.o   -c /usr/share/cmake-3.5/Modules/CheckFunctionExists.c
Linking C executable cmTC_67cb5
/usr/bin/cmake -E cmake_link_script CMakeFiles/cmTC_67cb5.dir/link.txt --verbose=1
/usr/bin/cc   -DCHECK_FUNCTION_EXISTS=pthread_create    CMakeFiles/cmTC_67cb5.dir/CheckFunctionExists.c.o  -o cmTC_67cb5 -rdynamic -lpthreads 
/usr/bin/ld: cannot find -lpthreads
collect2: error: ld returned 1 exit status
CMakeFiles/cmTC_67cb5.dir/build.make:97: recipe for target 'cmTC_67cb5' failed
make[1]: *** [cmTC_67cb5] Error 1
make[1]: Leaving directory '/usr/local/opencmiss/examples/simple_muscle_activation/build_debug/CMakeFiles/CMakeTmp'
Makefile:126: recipe for target 'cmTC_67cb5/fast' failed
make: *** [cmTC_67cb5/fast] Error 2


