The system is: Linux - 4.4.0-21-generic - x86_64
Compiling the C compiler identification source file "CMakeCCompilerId.c" succeeded.
Compiler: /usr/bin/cc 
Build flags: 
Id flags: 

The output was:
0


Compilation of the C compiler identification source "CMakeCCompilerId.c" produced "a.out"

The C compiler identification is GNU, found in "/data/homes/klotz/opencmiss/examples/multiscale_muscle/build_debug/CMakeFiles/3.5.1/CompilerIdC/a.out"

Determining if the C compiler works passed with the following output:
Change Dir: /data/homes/klotz/opencmiss/examples/multiscale_muscle/build_debug/CMakeFiles/CMakeTmp

Run Build Command:"/usr/bin/make" "cmTC_60174/fast"
/usr/bin/make -f CMakeFiles/cmTC_60174.dir/build.make CMakeFiles/cmTC_60174.dir/build
make[1]: Verzeichnis „/data/homes/klotz/opencmiss/examples/multiscale_muscle/build_debug/CMakeFiles/CMakeTmp“ wird betreten
Building C object CMakeFiles/cmTC_60174.dir/testCCompiler.c.o
/usr/bin/cc     -o CMakeFiles/cmTC_60174.dir/testCCompiler.c.o   -c /data/homes/klotz/opencmiss/examples/multiscale_muscle/build_debug/CMakeFiles/CMakeTmp/testCCompiler.c
Linking C executable cmTC_60174
/usr/bin/cmake -E cmake_link_script CMakeFiles/cmTC_60174.dir/link.txt --verbose=1
/usr/bin/cc       CMakeFiles/cmTC_60174.dir/testCCompiler.c.o  -o cmTC_60174 -rdynamic 
make[1]: Verzeichnis „/data/homes/klotz/opencmiss/examples/multiscale_muscle/build_debug/CMakeFiles/CMakeTmp“ wird verlassen


Detecting C compiler ABI info compiled with the following output:
Change Dir: /data/homes/klotz/opencmiss/examples/multiscale_muscle/build_debug/CMakeFiles/CMakeTmp

Run Build Command:"/usr/bin/make" "cmTC_17455/fast"
/usr/bin/make -f CMakeFiles/cmTC_17455.dir/build.make CMakeFiles/cmTC_17455.dir/build
make[1]: Verzeichnis „/data/homes/klotz/opencmiss/examples/multiscale_muscle/build_debug/CMakeFiles/CMakeTmp“ wird betreten
Building C object CMakeFiles/cmTC_17455.dir/CMakeCCompilerABI.c.o
/usr/bin/cc     -o CMakeFiles/cmTC_17455.dir/CMakeCCompilerABI.c.o   -c /usr/share/cmake-3.5/Modules/CMakeCCompilerABI.c
Linking C executable cmTC_17455
/usr/bin/cmake -E cmake_link_script CMakeFiles/cmTC_17455.dir/link.txt --verbose=1
/usr/bin/cc      -v CMakeFiles/cmTC_17455.dir/CMakeCCompilerABI.c.o  -o cmTC_17455 -rdynamic  
Using built-in specs.
COLLECT_GCC=/usr/bin/cc
COLLECT_LTO_WRAPPER=/usr/lib/gcc/x86_64-linux-gnu/5/lto-wrapper
Target: x86_64-linux-gnu
Configured with: ../src/configure -v --with-pkgversion='Ubuntu 5.4.0-6ubuntu1~16.04.4' --with-bugurl=file:///usr/share/doc/gcc-5/README.Bugs --enable-languages=c,ada,c++,java,go,d,fortran,objc,obj-c++ --prefix=/usr --program-suffix=-5 --enable-shared --enable-linker-build-id --libexecdir=/usr/lib --without-included-gettext --enable-threads=posix --libdir=/usr/lib --enable-nls --with-sysroot=/ --enable-clocale=gnu --enable-libstdcxx-debug --enable-libstdcxx-time=yes --with-default-libstdcxx-abi=new --enable-gnu-unique-object --disable-vtable-verify --enable-libmpx --enable-plugin --with-system-zlib --disable-browser-plugin --enable-java-awt=gtk --enable-gtk-cairo --with-java-home=/usr/lib/jvm/java-1.5.0-gcj-5-amd64/jre --enable-java-home --with-jvm-root-dir=/usr/lib/jvm/java-1.5.0-gcj-5-amd64 --with-jvm-jar-dir=/usr/lib/jvm-exports/java-1.5.0-gcj-5-amd64 --with-arch-directory=amd64 --with-ecj-jar=/usr/share/java/eclipse-ecj.jar --enable-objc-gc --enable-multiarch --disable-werror --with-arch-32=i686 --with-abi=m64 --with-multilib-list=m32,m64,mx32 --enable-multilib --with-tune=generic --enable-checking=release --build=x86_64-linux-gnu --host=x86_64-linux-gnu --target=x86_64-linux-gnu
Thread model: posix
gcc version 5.4.0 20160609 (Ubuntu 5.4.0-6ubuntu1~16.04.4) 
COMPILER_PATH=/usr/lib/gcc/x86_64-linux-gnu/5/:/usr/lib/gcc/x86_64-linux-gnu/5/:/usr/lib/gcc/x86_64-linux-gnu/:/usr/lib/gcc/x86_64-linux-gnu/5/:/usr/lib/gcc/x86_64-linux-gnu/
LIBRARY_PATH=/usr/lib/gcc/x86_64-linux-gnu/5/:/usr/lib/gcc/x86_64-linux-gnu/5/../../../x86_64-linux-gnu/:/usr/lib/gcc/x86_64-linux-gnu/5/../../../../lib/:/lib/x86_64-linux-gnu/:/lib/../lib/:/usr/lib/x86_64-linux-gnu/:/usr/lib/../lib/:/usr/lib/gcc/x86_64-linux-gnu/5/../../../:/lib/:/usr/lib/
COLLECT_GCC_OPTIONS='-v' '-o' 'cmTC_17455' '-rdynamic' '-mtune=generic' '-march=x86-64'
 /usr/lib/gcc/x86_64-linux-gnu/5/collect2 -plugin /usr/lib/gcc/x86_64-linux-gnu/5/liblto_plugin.so -plugin-opt=/usr/lib/gcc/x86_64-linux-gnu/5/lto-wrapper -plugin-opt=-fresolution=/tmp/cc5K45rz.res -plugin-opt=-pass-through=-lgcc -plugin-opt=-pass-through=-lgcc_s -plugin-opt=-pass-through=-lc -plugin-opt=-pass-through=-lgcc -plugin-opt=-pass-through=-lgcc_s --sysroot=/ --build-id --eh-frame-hdr -m elf_x86_64 --hash-style=gnu --as-needed -export-dynamic -dynamic-linker /lib64/ld-linux-x86-64.so.2 -z relro -o cmTC_17455 /usr/lib/gcc/x86_64-linux-gnu/5/../../../x86_64-linux-gnu/crt1.o /usr/lib/gcc/x86_64-linux-gnu/5/../../../x86_64-linux-gnu/crti.o /usr/lib/gcc/x86_64-linux-gnu/5/crtbegin.o -L/usr/lib/gcc/x86_64-linux-gnu/5 -L/usr/lib/gcc/x86_64-linux-gnu/5/../../../x86_64-linux-gnu -L/usr/lib/gcc/x86_64-linux-gnu/5/../../../../lib -L/lib/x86_64-linux-gnu -L/lib/../lib -L/usr/lib/x86_64-linux-gnu -L/usr/lib/../lib -L/usr/lib/gcc/x86_64-linux-gnu/5/../../.. CMakeFiles/cmTC_17455.dir/CMakeCCompilerABI.c.o -lgcc --as-needed -lgcc_s --no-as-needed -lc -lgcc --as-needed -lgcc_s --no-as-needed /usr/lib/gcc/x86_64-linux-gnu/5/crtend.o /usr/lib/gcc/x86_64-linux-gnu/5/../../../x86_64-linux-gnu/crtn.o
make[1]: Verzeichnis „/data/homes/klotz/opencmiss/examples/multiscale_muscle/build_debug/CMakeFiles/CMakeTmp“ wird verlassen


Parsed C implicit link information from above output:
  link line regex: [^( *|.*[/\])(ld|([^/\]+-)?ld|collect2)[^/\]*( |$)]
  ignore line: [Change Dir: /data/homes/klotz/opencmiss/examples/multiscale_muscle/build_debug/CMakeFiles/CMakeTmp]
  ignore line: []
  ignore line: [Run Build Command:"/usr/bin/make" "cmTC_17455/fast"]
  ignore line: [/usr/bin/make -f CMakeFiles/cmTC_17455.dir/build.make CMakeFiles/cmTC_17455.dir/build]
  ignore line: [make[1]: Verzeichnis „/data/homes/klotz/opencmiss/examples/multiscale_muscle/build_debug/CMakeFiles/CMakeTmp“ wird betreten]
  ignore line: [Building C object CMakeFiles/cmTC_17455.dir/CMakeCCompilerABI.c.o]
  ignore line: [/usr/bin/cc     -o CMakeFiles/cmTC_17455.dir/CMakeCCompilerABI.c.o   -c /usr/share/cmake-3.5/Modules/CMakeCCompilerABI.c]
  ignore line: [Linking C executable cmTC_17455]
  ignore line: [/usr/bin/cmake -E cmake_link_script CMakeFiles/cmTC_17455.dir/link.txt --verbose=1]
  ignore line: [/usr/bin/cc      -v CMakeFiles/cmTC_17455.dir/CMakeCCompilerABI.c.o  -o cmTC_17455 -rdynamic  ]
  ignore line: [Using built-in specs.]
  ignore line: [COLLECT_GCC=/usr/bin/cc]
  ignore line: [COLLECT_LTO_WRAPPER=/usr/lib/gcc/x86_64-linux-gnu/5/lto-wrapper]
  ignore line: [Target: x86_64-linux-gnu]
  ignore line: [Configured with: ../src/configure -v --with-pkgversion='Ubuntu 5.4.0-6ubuntu1~16.04.4' --with-bugurl=file:///usr/share/doc/gcc-5/README.Bugs --enable-languages=c,ada,c++,java,go,d,fortran,objc,obj-c++ --prefix=/usr --program-suffix=-5 --enable-shared --enable-linker-build-id --libexecdir=/usr/lib --without-included-gettext --enable-threads=posix --libdir=/usr/lib --enable-nls --with-sysroot=/ --enable-clocale=gnu --enable-libstdcxx-debug --enable-libstdcxx-time=yes --with-default-libstdcxx-abi=new --enable-gnu-unique-object --disable-vtable-verify --enable-libmpx --enable-plugin --with-system-zlib --disable-browser-plugin --enable-java-awt=gtk --enable-gtk-cairo --with-java-home=/usr/lib/jvm/java-1.5.0-gcj-5-amd64/jre --enable-java-home --with-jvm-root-dir=/usr/lib/jvm/java-1.5.0-gcj-5-amd64 --with-jvm-jar-dir=/usr/lib/jvm-exports/java-1.5.0-gcj-5-amd64 --with-arch-directory=amd64 --with-ecj-jar=/usr/share/java/eclipse-ecj.jar --enable-objc-gc --enable-multiarch --disable-werror --with-arch-32=i686 --with-abi=m64 --with-multilib-list=m32,m64,mx32 --enable-multilib --with-tune=generic --enable-checking=release --build=x86_64-linux-gnu --host=x86_64-linux-gnu --target=x86_64-linux-gnu]
  ignore line: [Thread model: posix]
  ignore line: [gcc version 5.4.0 20160609 (Ubuntu 5.4.0-6ubuntu1~16.04.4) ]
  ignore line: [COMPILER_PATH=/usr/lib/gcc/x86_64-linux-gnu/5/:/usr/lib/gcc/x86_64-linux-gnu/5/:/usr/lib/gcc/x86_64-linux-gnu/:/usr/lib/gcc/x86_64-linux-gnu/5/:/usr/lib/gcc/x86_64-linux-gnu/]
  ignore line: [LIBRARY_PATH=/usr/lib/gcc/x86_64-linux-gnu/5/:/usr/lib/gcc/x86_64-linux-gnu/5/../../../x86_64-linux-gnu/:/usr/lib/gcc/x86_64-linux-gnu/5/../../../../lib/:/lib/x86_64-linux-gnu/:/lib/../lib/:/usr/lib/x86_64-linux-gnu/:/usr/lib/../lib/:/usr/lib/gcc/x86_64-linux-gnu/5/../../../:/lib/:/usr/lib/]
  ignore line: [COLLECT_GCC_OPTIONS='-v' '-o' 'cmTC_17455' '-rdynamic' '-mtune=generic' '-march=x86-64']
  link line: [ /usr/lib/gcc/x86_64-linux-gnu/5/collect2 -plugin /usr/lib/gcc/x86_64-linux-gnu/5/liblto_plugin.so -plugin-opt=/usr/lib/gcc/x86_64-linux-gnu/5/lto-wrapper -plugin-opt=-fresolution=/tmp/cc5K45rz.res -plugin-opt=-pass-through=-lgcc -plugin-opt=-pass-through=-lgcc_s -plugin-opt=-pass-through=-lc -plugin-opt=-pass-through=-lgcc -plugin-opt=-pass-through=-lgcc_s --sysroot=/ --build-id --eh-frame-hdr -m elf_x86_64 --hash-style=gnu --as-needed -export-dynamic -dynamic-linker /lib64/ld-linux-x86-64.so.2 -z relro -o cmTC_17455 /usr/lib/gcc/x86_64-linux-gnu/5/../../../x86_64-linux-gnu/crt1.o /usr/lib/gcc/x86_64-linux-gnu/5/../../../x86_64-linux-gnu/crti.o /usr/lib/gcc/x86_64-linux-gnu/5/crtbegin.o -L/usr/lib/gcc/x86_64-linux-gnu/5 -L/usr/lib/gcc/x86_64-linux-gnu/5/../../../x86_64-linux-gnu -L/usr/lib/gcc/x86_64-linux-gnu/5/../../../../lib -L/lib/x86_64-linux-gnu -L/lib/../lib -L/usr/lib/x86_64-linux-gnu -L/usr/lib/../lib -L/usr/lib/gcc/x86_64-linux-gnu/5/../../.. CMakeFiles/cmTC_17455.dir/CMakeCCompilerABI.c.o -lgcc --as-needed -lgcc_s --no-as-needed -lc -lgcc --as-needed -lgcc_s --no-as-needed /usr/lib/gcc/x86_64-linux-gnu/5/crtend.o /usr/lib/gcc/x86_64-linux-gnu/5/../../../x86_64-linux-gnu/crtn.o]
    arg [/usr/lib/gcc/x86_64-linux-gnu/5/collect2] ==> ignore
    arg [-plugin] ==> ignore
    arg [/usr/lib/gcc/x86_64-linux-gnu/5/liblto_plugin.so] ==> ignore
    arg [-plugin-opt=/usr/lib/gcc/x86_64-linux-gnu/5/lto-wrapper] ==> ignore
    arg [-plugin-opt=-fresolution=/tmp/cc5K45rz.res] ==> ignore
    arg [-plugin-opt=-pass-through=-lgcc] ==> ignore
    arg [-plugin-opt=-pass-through=-lgcc_s] ==> ignore
    arg [-plugin-opt=-pass-through=-lc] ==> ignore
    arg [-plugin-opt=-pass-through=-lgcc] ==> ignore
    arg [-plugin-opt=-pass-through=-lgcc_s] ==> ignore
    arg [--sysroot=/] ==> ignore
    arg [--build-id] ==> ignore
    arg [--eh-frame-hdr] ==> ignore
    arg [-m] ==> ignore
    arg [elf_x86_64] ==> ignore
    arg [--hash-style=gnu] ==> ignore
    arg [--as-needed] ==> ignore
    arg [-export-dynamic] ==> ignore
    arg [-dynamic-linker] ==> ignore
    arg [/lib64/ld-linux-x86-64.so.2] ==> ignore
    arg [-zrelro] ==> ignore
    arg [-o] ==> ignore
    arg [cmTC_17455] ==> ignore
    arg [/usr/lib/gcc/x86_64-linux-gnu/5/../../../x86_64-linux-gnu/crt1.o] ==> ignore
    arg [/usr/lib/gcc/x86_64-linux-gnu/5/../../../x86_64-linux-gnu/crti.o] ==> ignore
    arg [/usr/lib/gcc/x86_64-linux-gnu/5/crtbegin.o] ==> ignore
    arg [-L/usr/lib/gcc/x86_64-linux-gnu/5] ==> dir [/usr/lib/gcc/x86_64-linux-gnu/5]
    arg [-L/usr/lib/gcc/x86_64-linux-gnu/5/../../../x86_64-linux-gnu] ==> dir [/usr/lib/gcc/x86_64-linux-gnu/5/../../../x86_64-linux-gnu]
    arg [-L/usr/lib/gcc/x86_64-linux-gnu/5/../../../../lib] ==> dir [/usr/lib/gcc/x86_64-linux-gnu/5/../../../../lib]
    arg [-L/lib/x86_64-linux-gnu] ==> dir [/lib/x86_64-linux-gnu]
    arg [-L/lib/../lib] ==> dir [/lib/../lib]
    arg [-L/usr/lib/x86_64-linux-gnu] ==> dir [/usr/lib/x86_64-linux-gnu]
    arg [-L/usr/lib/../lib] ==> dir [/usr/lib/../lib]
    arg [-L/usr/lib/gcc/x86_64-linux-gnu/5/../../..] ==> dir [/usr/lib/gcc/x86_64-linux-gnu/5/../../..]
    arg [CMakeFiles/cmTC_17455.dir/CMakeCCompilerABI.c.o] ==> ignore
    arg [-lgcc] ==> lib [gcc]
    arg [--as-needed] ==> ignore
    arg [-lgcc_s] ==> lib [gcc_s]
    arg [--no-as-needed] ==> ignore
    arg [-lc] ==> lib [c]
    arg [-lgcc] ==> lib [gcc]
    arg [--as-needed] ==> ignore
    arg [-lgcc_s] ==> lib [gcc_s]
    arg [--no-as-needed] ==> ignore
    arg [/usr/lib/gcc/x86_64-linux-gnu/5/crtend.o] ==> ignore
    arg [/usr/lib/gcc/x86_64-linux-gnu/5/../../../x86_64-linux-gnu/crtn.o] ==> ignore
  remove lib [gcc]
  remove lib [gcc_s]
  remove lib [gcc]
  remove lib [gcc_s]
  collapse library dir [/usr/lib/gcc/x86_64-linux-gnu/5] ==> [/usr/lib/gcc/x86_64-linux-gnu/5]
  collapse library dir [/usr/lib/gcc/x86_64-linux-gnu/5/../../../x86_64-linux-gnu] ==> [/usr/lib/x86_64-linux-gnu]
  collapse library dir [/usr/lib/gcc/x86_64-linux-gnu/5/../../../../lib] ==> [/usr/lib]
  collapse library dir [/lib/x86_64-linux-gnu] ==> [/lib/x86_64-linux-gnu]
  collapse library dir [/lib/../lib] ==> [/lib]
  collapse library dir [/usr/lib/x86_64-linux-gnu] ==> [/usr/lib/x86_64-linux-gnu]
  collapse library dir [/usr/lib/../lib] ==> [/usr/lib]
  collapse library dir [/usr/lib/gcc/x86_64-linux-gnu/5/../../..] ==> [/usr/lib]
  implicit libs: [c]
  implicit dirs: [/usr/lib/gcc/x86_64-linux-gnu/5;/usr/lib/x86_64-linux-gnu;/usr/lib;/lib/x86_64-linux-gnu;/lib]
  implicit fwks: []




Detecting C [-std=c11] compiler features compiled with the following output:
Change Dir: /data/homes/klotz/opencmiss/examples/multiscale_muscle/build_debug/CMakeFiles/CMakeTmp

Run Build Command:"/usr/bin/make" "cmTC_0c8a0/fast"
/usr/bin/make -f CMakeFiles/cmTC_0c8a0.dir/build.make CMakeFiles/cmTC_0c8a0.dir/build
make[1]: Verzeichnis „/data/homes/klotz/opencmiss/examples/multiscale_muscle/build_debug/CMakeFiles/CMakeTmp“ wird betreten
Building C object CMakeFiles/cmTC_0c8a0.dir/feature_tests.c.o
/usr/bin/cc    -std=c11 -o CMakeFiles/cmTC_0c8a0.dir/feature_tests.c.o   -c /data/homes/klotz/opencmiss/examples/multiscale_muscle/build_debug/CMakeFiles/feature_tests.c
Linking C executable cmTC_0c8a0
/usr/bin/cmake -E cmake_link_script CMakeFiles/cmTC_0c8a0.dir/link.txt --verbose=1
/usr/bin/cc       CMakeFiles/cmTC_0c8a0.dir/feature_tests.c.o  -o cmTC_0c8a0 -rdynamic 
make[1]: Verzeichnis „/data/homes/klotz/opencmiss/examples/multiscale_muscle/build_debug/CMakeFiles/CMakeTmp“ wird verlassen


    Feature record: C_FEATURE:1c_function_prototypes
    Feature record: C_FEATURE:1c_restrict
    Feature record: C_FEATURE:1c_static_assert
    Feature record: C_FEATURE:1c_variadic_macros


Detecting C [-std=c99] compiler features compiled with the following output:
Change Dir: /data/homes/klotz/opencmiss/examples/multiscale_muscle/build_debug/CMakeFiles/CMakeTmp

Run Build Command:"/usr/bin/make" "cmTC_d717e/fast"
/usr/bin/make -f CMakeFiles/cmTC_d717e.dir/build.make CMakeFiles/cmTC_d717e.dir/build
make[1]: Verzeichnis „/data/homes/klotz/opencmiss/examples/multiscale_muscle/build_debug/CMakeFiles/CMakeTmp“ wird betreten
Building C object CMakeFiles/cmTC_d717e.dir/feature_tests.c.o
/usr/bin/cc    -std=c99 -o CMakeFiles/cmTC_d717e.dir/feature_tests.c.o   -c /data/homes/klotz/opencmiss/examples/multiscale_muscle/build_debug/CMakeFiles/feature_tests.c
Linking C executable cmTC_d717e
/usr/bin/cmake -E cmake_link_script CMakeFiles/cmTC_d717e.dir/link.txt --verbose=1
/usr/bin/cc       CMakeFiles/cmTC_d717e.dir/feature_tests.c.o  -o cmTC_d717e -rdynamic 
make[1]: Verzeichnis „/data/homes/klotz/opencmiss/examples/multiscale_muscle/build_debug/CMakeFiles/CMakeTmp“ wird verlassen


    Feature record: C_FEATURE:1c_function_prototypes
    Feature record: C_FEATURE:1c_restrict
    Feature record: C_FEATURE:0c_static_assert
    Feature record: C_FEATURE:1c_variadic_macros


Detecting C [-std=c90] compiler features compiled with the following output:
Change Dir: /data/homes/klotz/opencmiss/examples/multiscale_muscle/build_debug/CMakeFiles/CMakeTmp

Run Build Command:"/usr/bin/make" "cmTC_a9208/fast"
/usr/bin/make -f CMakeFiles/cmTC_a9208.dir/build.make CMakeFiles/cmTC_a9208.dir/build
make[1]: Verzeichnis „/data/homes/klotz/opencmiss/examples/multiscale_muscle/build_debug/CMakeFiles/CMakeTmp“ wird betreten
Building C object CMakeFiles/cmTC_a9208.dir/feature_tests.c.o
/usr/bin/cc    -std=c90 -o CMakeFiles/cmTC_a9208.dir/feature_tests.c.o   -c /data/homes/klotz/opencmiss/examples/multiscale_muscle/build_debug/CMakeFiles/feature_tests.c
Linking C executable cmTC_a9208
/usr/bin/cmake -E cmake_link_script CMakeFiles/cmTC_a9208.dir/link.txt --verbose=1
/usr/bin/cc       CMakeFiles/cmTC_a9208.dir/feature_tests.c.o  -o cmTC_a9208 -rdynamic 
make[1]: Verzeichnis „/data/homes/klotz/opencmiss/examples/multiscale_muscle/build_debug/CMakeFiles/CMakeTmp“ wird verlassen


    Feature record: C_FEATURE:1c_function_prototypes
    Feature record: C_FEATURE:0c_restrict
    Feature record: C_FEATURE:0c_static_assert
    Feature record: C_FEATURE:0c_variadic_macros
Compiling the Fortran compiler identification source file "CMakeFortranCompilerId.F" succeeded.
Compiler: /usr/bin/gfortran 
Build flags: 
Id flags: -v

The output was:
0
Driving: /usr/bin/gfortran -v CMakeFortranCompilerId.F -l gfortran -l m -shared-libgcc
Using built-in specs.
COLLECT_GCC=/usr/bin/gfortran
COLLECT_LTO_WRAPPER=/usr/lib/gcc/x86_64-linux-gnu/5/lto-wrapper
Target: x86_64-linux-gnu
Configured with: ../src/configure -v --with-pkgversion='Ubuntu 5.4.0-6ubuntu1~16.04.4' --with-bugurl=file:///usr/share/doc/gcc-5/README.Bugs --enable-languages=c,ada,c++,java,go,d,fortran,objc,obj-c++ --prefix=/usr --program-suffix=-5 --enable-shared --enable-linker-build-id --libexecdir=/usr/lib --without-included-gettext --enable-threads=posix --libdir=/usr/lib --enable-nls --with-sysroot=/ --enable-clocale=gnu --enable-libstdcxx-debug --enable-libstdcxx-time=yes --with-default-libstdcxx-abi=new --enable-gnu-unique-object --disable-vtable-verify --enable-libmpx --enable-plugin --with-system-zlib --disable-browser-plugin --enable-java-awt=gtk --enable-gtk-cairo --with-java-home=/usr/lib/jvm/java-1.5.0-gcj-5-amd64/jre --enable-java-home --with-jvm-root-dir=/usr/lib/jvm/java-1.5.0-gcj-5-amd64 --with-jvm-jar-dir=/usr/lib/jvm-exports/java-1.5.0-gcj-5-amd64 --with-arch-directory=amd64 --with-ecj-jar=/usr/share/java/eclipse-ecj.jar --enable-objc-gc --enable-multiarch --disable-werror --with-arch-32=i686 --with-abi=m64 --with-multilib-list=m32,m64,mx32 --enable-multilib --with-tune=generic --enable-checking=release --build=x86_64-linux-gnu --host=x86_64-linux-gnu --target=x86_64-linux-gnu
Thread model: posix
gcc version 5.4.0 20160609 (Ubuntu 5.4.0-6ubuntu1~16.04.4) 
COLLECT_GCC_OPTIONS='-v' '-shared-libgcc' '-mtune=generic' '-march=x86-64'
 /usr/lib/gcc/x86_64-linux-gnu/5/f951 CMakeFortranCompilerId.F -ffixed-form -cpp=/tmp/ccLe1BhO.f90 -quiet -v -imultiarch x86_64-linux-gnu CMakeFortranCompilerId.F -quiet -dumpbase CMakeFortranCompilerId.F -mtune=generic -march=x86-64 -auxbase CMakeFortranCompilerId -version -fintrinsic-modules-path /usr/lib/gcc/x86_64-linux-gnu/5/finclude -o /tmp/ccq3UHfT.s
GNU Fortran (Ubuntu 5.4.0-6ubuntu1~16.04.4) version 5.4.0 20160609 (x86_64-linux-gnu)
	compiled by GNU C version 5.4.0 20160609, GMP version 6.1.0, MPFR version 3.1.4, MPC version 1.0.3
GGC heuristics: --param ggc-min-expand=100 --param ggc-min-heapsize=131072
ignoring nonexistent directory "/usr/local/include/x86_64-linux-gnu"
ignoring nonexistent directory "/usr/lib/gcc/x86_64-linux-gnu/5/../../../../x86_64-linux-gnu/include"
#include "..." search starts here:
#include <...> search starts here:
 /usr/lib/gcc/x86_64-linux-gnu/5/finclude
 /usr/lib/gcc/x86_64-linux-gnu/5/include
 /usr/local/include
 /usr/lib/gcc/x86_64-linux-gnu/5/include-fixed
 /usr/include/x86_64-linux-gnu
 /usr/include
End of search list.
GNU Fortran2008 (Ubuntu 5.4.0-6ubuntu1~16.04.4) version 5.4.0 20160609 (x86_64-linux-gnu)
	compiled by GNU C version 5.4.0 20160609, GMP version 6.1.0, MPFR version 3.1.4, MPC version 1.0.3
GGC heuristics: --param ggc-min-expand=100 --param ggc-min-heapsize=131072
COLLECT_GCC_OPTIONS='-v' '-shared-libgcc' '-mtune=generic' '-march=x86-64'
 as -v --64 -o /tmp/cc9FWWxY.o /tmp/ccq3UHfT.s
Die GNU-Assembler-Version 2.26.1 (x86_64-linux-gnu) benutzt die BFD-Version (GNU Binutils for Ubuntu) 2.26.1
Reading specs from /usr/lib/gcc/x86_64-linux-gnu/5/libgfortran.spec
rename spec lib to liborig
COLLECT_GCC_OPTIONS='-v' '-shared-libgcc' '-mtune=generic' '-march=x86-64'
COMPILER_PATH=/usr/lib/gcc/x86_64-linux-gnu/5/:/usr/lib/gcc/x86_64-linux-gnu/5/:/usr/lib/gcc/x86_64-linux-gnu/:/usr/lib/gcc/x86_64-linux-gnu/5/:/usr/lib/gcc/x86_64-linux-gnu/
LIBRARY_PATH=/usr/lib/gcc/x86_64-linux-gnu/5/:/usr/lib/gcc/x86_64-linux-gnu/5/../../../x86_64-linux-gnu/:/usr/lib/gcc/x86_64-linux-gnu/5/../../../../lib/:/lib/x86_64-linux-gnu/:/lib/../lib/:/usr/lib/x86_64-linux-gnu/:/usr/lib/../lib/:/usr/lib/gcc/x86_64-linux-gnu/5/../../../:/lib/:/usr/lib/
COLLECT_GCC_OPTIONS='-v' '-shared-libgcc' '-mtune=generic' '-march=x86-64'
 /usr/lib/gcc/x86_64-linux-gnu/5/collect2 -plugin /usr/lib/gcc/x86_64-linux-gnu/5/liblto_plugin.so -plugin-opt=/usr/lib/gcc/x86_64-linux-gnu/5/lto-wrapper -plugin-opt=-fresolution=/tmp/ccSEFKR3.res -plugin-opt=-pass-through=-lgcc_s -plugin-opt=-pass-through=-lgcc -plugin-opt=-pass-through=-lquadmath -plugin-opt=-pass-through=-lm -plugin-opt=-pass-through=-lgcc_s -plugin-opt=-pass-through=-lgcc -plugin-opt=-pass-through=-lc -plugin-opt=-pass-through=-lgcc_s -plugin-opt=-pass-through=-lgcc --sysroot=/ --build-id --eh-frame-hdr -m elf_x86_64 --hash-style=gnu --as-needed -dynamic-linker /lib64/ld-linux-x86-64.so.2 -z relro /usr/lib/gcc/x86_64-linux-gnu/5/../../../x86_64-linux-gnu/crt1.o /usr/lib/gcc/x86_64-linux-gnu/5/../../../x86_64-linux-gnu/crti.o /usr/lib/gcc/x86_64-linux-gnu/5/crtbegin.o -L/usr/lib/gcc/x86_64-linux-gnu/5 -L/usr/lib/gcc/x86_64-linux-gnu/5/../../../x86_64-linux-gnu -L/usr/lib/gcc/x86_64-linux-gnu/5/../../../../lib -L/lib/x86_64-linux-gnu -L/lib/../lib -L/usr/lib/x86_64-linux-gnu -L/usr/lib/../lib -L/usr/lib/gcc/x86_64-linux-gnu/5/../../.. /tmp/cc9FWWxY.o -lgfortran -lm -lgcc_s -lgcc -lquadmath -lm -lgcc_s -lgcc -lc -lgcc_s -lgcc /usr/lib/gcc/x86_64-linux-gnu/5/crtend.o /usr/lib/gcc/x86_64-linux-gnu/5/../../../x86_64-linux-gnu/crtn.o


Compilation of the Fortran compiler identification source "CMakeFortranCompilerId.F" produced "a.out"

The Fortran compiler identification is GNU, found in "/data/homes/klotz/opencmiss/examples/multiscale_muscle/build_debug/CMakeFiles/3.5.1/CompilerIdFortran/a.out"

Determining if the Fortran compiler works passed with the following output:
Change Dir: /data/homes/klotz/opencmiss/examples/multiscale_muscle/build_debug/CMakeFiles/CMakeTmp

Run Build Command:"/usr/bin/make" "cmTC_e31e2/fast"
/usr/bin/make -f CMakeFiles/cmTC_e31e2.dir/build.make CMakeFiles/cmTC_e31e2.dir/build
make[1]: Verzeichnis „/data/homes/klotz/opencmiss/examples/multiscale_muscle/build_debug/CMakeFiles/CMakeTmp“ wird betreten
Building Fortran object CMakeFiles/cmTC_e31e2.dir/testFortranCompiler.f.o
/usr/bin/gfortran     -c /data/homes/klotz/opencmiss/examples/multiscale_muscle/build_debug/CMakeFiles/CMakeTmp/testFortranCompiler.f -o CMakeFiles/cmTC_e31e2.dir/testFortranCompiler.f.o
Linking Fortran executable cmTC_e31e2
/usr/bin/cmake -E cmake_link_script CMakeFiles/cmTC_e31e2.dir/link.txt --verbose=1
/usr/bin/gfortran       CMakeFiles/cmTC_e31e2.dir/testFortranCompiler.f.o  -o cmTC_e31e2  
make[1]: Verzeichnis „/data/homes/klotz/opencmiss/examples/multiscale_muscle/build_debug/CMakeFiles/CMakeTmp“ wird verlassen


Detecting Fortran compiler ABI info compiled with the following output:
Change Dir: /data/homes/klotz/opencmiss/examples/multiscale_muscle/build_debug/CMakeFiles/CMakeTmp

Run Build Command:"/usr/bin/make" "cmTC_fa183/fast"
/usr/bin/make -f CMakeFiles/cmTC_fa183.dir/build.make CMakeFiles/cmTC_fa183.dir/build
make[1]: Verzeichnis „/data/homes/klotz/opencmiss/examples/multiscale_muscle/build_debug/CMakeFiles/CMakeTmp“ wird betreten
Building Fortran object CMakeFiles/cmTC_fa183.dir/CMakeFortranCompilerABI.F.o
/usr/bin/gfortran     -c /usr/share/cmake-3.5/Modules/CMakeFortranCompilerABI.F -o CMakeFiles/cmTC_fa183.dir/CMakeFortranCompilerABI.F.o
Linking Fortran executable cmTC_fa183
/usr/bin/cmake -E cmake_link_script CMakeFiles/cmTC_fa183.dir/link.txt --verbose=1
/usr/bin/gfortran    -v   CMakeFiles/cmTC_fa183.dir/CMakeFortranCompilerABI.F.o  -o cmTC_fa183   
Driving: /usr/bin/gfortran -v CMakeFiles/cmTC_fa183.dir/CMakeFortranCompilerABI.F.o -o cmTC_fa183 -l gfortran -l m -shared-libgcc
Using built-in specs.
COLLECT_GCC=/usr/bin/gfortran
COLLECT_LTO_WRAPPER=/usr/lib/gcc/x86_64-linux-gnu/5/lto-wrapper
Target: x86_64-linux-gnu
Configured with: ../src/configure -v --with-pkgversion='Ubuntu 5.4.0-6ubuntu1~16.04.4' --with-bugurl=file:///usr/share/doc/gcc-5/README.Bugs --enable-languages=c,ada,c++,java,go,d,fortran,objc,obj-c++ --prefix=/usr --program-suffix=-5 --enable-shared --enable-linker-build-id --libexecdir=/usr/lib --without-included-gettext --enable-threads=posix --libdir=/usr/lib --enable-nls --with-sysroot=/ --enable-clocale=gnu --enable-libstdcxx-debug --enable-libstdcxx-time=yes --with-default-libstdcxx-abi=new --enable-gnu-unique-object --disable-vtable-verify --enable-libmpx --enable-plugin --with-system-zlib --disable-browser-plugin --enable-java-awt=gtk --enable-gtk-cairo --with-java-home=/usr/lib/jvm/java-1.5.0-gcj-5-amd64/jre --enable-java-home --with-jvm-root-dir=/usr/lib/jvm/java-1.5.0-gcj-5-amd64 --with-jvm-jar-dir=/usr/lib/jvm-exports/java-1.5.0-gcj-5-amd64 --with-arch-directory=amd64 --with-ecj-jar=/usr/share/java/eclipse-ecj.jar --enable-objc-gc --enable-multiarch --disable-werror --with-arch-32=i686 --with-abi=m64 --with-multilib-list=m32,m64,mx32 --enable-multilib --with-tune=generic --enable-checking=release --build=x86_64-linux-gnu --host=x86_64-linux-gnu --target=x86_64-linux-gnu
Thread model: posix
gcc version 5.4.0 20160609 (Ubuntu 5.4.0-6ubuntu1~16.04.4) 
Reading specs from /usr/lib/gcc/x86_64-linux-gnu/5/libgfortran.spec
rename spec lib to liborig
COLLECT_GCC_OPTIONS='-v' '-o' 'cmTC_fa183' '-shared-libgcc' '-mtune=generic' '-march=x86-64'
COMPILER_PATH=/usr/lib/gcc/x86_64-linux-gnu/5/:/usr/lib/gcc/x86_64-linux-gnu/5/:/usr/lib/gcc/x86_64-linux-gnu/:/usr/lib/gcc/x86_64-linux-gnu/5/:/usr/lib/gcc/x86_64-linux-gnu/
LIBRARY_PATH=/usr/lib/gcc/x86_64-linux-gnu/5/:/usr/lib/gcc/x86_64-linux-gnu/5/../../../x86_64-linux-gnu/:/usr/lib/gcc/x86_64-linux-gnu/5/../../../../lib/:/lib/x86_64-linux-gnu/:/lib/../lib/:/usr/lib/x86_64-linux-gnu/:/usr/lib/../lib/:/usr/lib/gcc/x86_64-linux-gnu/5/../../../:/lib/:/usr/lib/
COLLECT_GCC_OPTIONS='-v' '-o' 'cmTC_fa183' '-shared-libgcc' '-mtune=generic' '-march=x86-64'
 /usr/lib/gcc/x86_64-linux-gnu/5/collect2 -plugin /usr/lib/gcc/x86_64-linux-gnu/5/liblto_plugin.so -plugin-opt=/usr/lib/gcc/x86_64-linux-gnu/5/lto-wrapper -plugin-opt=-fresolution=/tmp/ccxz1K75.res -plugin-opt=-pass-through=-lgcc_s -plugin-opt=-pass-through=-lgcc -plugin-opt=-pass-through=-lquadmath -plugin-opt=-pass-through=-lm -plugin-opt=-pass-through=-lgcc_s -plugin-opt=-pass-through=-lgcc -plugin-opt=-pass-through=-lc -plugin-opt=-pass-through=-lgcc_s -plugin-opt=-pass-through=-lgcc --sysroot=/ --build-id --eh-frame-hdr -m elf_x86_64 --hash-style=gnu --as-needed -dynamic-linker /lib64/ld-linux-x86-64.so.2 -z relro -o cmTC_fa183 /usr/lib/gcc/x86_64-linux-gnu/5/../../../x86_64-linux-gnu/crt1.o /usr/lib/gcc/x86_64-linux-gnu/5/../../../x86_64-linux-gnu/crti.o /usr/lib/gcc/x86_64-linux-gnu/5/crtbegin.o -L/usr/lib/gcc/x86_64-linux-gnu/5 -L/usr/lib/gcc/x86_64-linux-gnu/5/../../../x86_64-linux-gnu -L/usr/lib/gcc/x86_64-linux-gnu/5/../../../../lib -L/lib/x86_64-linux-gnu -L/lib/../lib -L/usr/lib/x86_64-linux-gnu -L/usr/lib/../lib -L/usr/lib/gcc/x86_64-linux-gnu/5/../../.. CMakeFiles/cmTC_fa183.dir/CMakeFortranCompilerABI.F.o -lgfortran -lm -lgcc_s -lgcc -lquadmath -lm -lgcc_s -lgcc -lc -lgcc_s -lgcc /usr/lib/gcc/x86_64-linux-gnu/5/crtend.o /usr/lib/gcc/x86_64-linux-gnu/5/../../../x86_64-linux-gnu/crtn.o
make[1]: Verzeichnis „/data/homes/klotz/opencmiss/examples/multiscale_muscle/build_debug/CMakeFiles/CMakeTmp“ wird verlassen


Parsed Fortran implicit link information from above output:
  link line regex: [^( *|.*[/\])(ld|([^/\]+-)?ld|collect2)[^/\]*( |$)]
  ignore line: [Change Dir: /data/homes/klotz/opencmiss/examples/multiscale_muscle/build_debug/CMakeFiles/CMakeTmp]
  ignore line: []
  ignore line: [Run Build Command:"/usr/bin/make" "cmTC_fa183/fast"]
  ignore line: [/usr/bin/make -f CMakeFiles/cmTC_fa183.dir/build.make CMakeFiles/cmTC_fa183.dir/build]
  ignore line: [make[1]: Verzeichnis „/data/homes/klotz/opencmiss/examples/multiscale_muscle/build_debug/CMakeFiles/CMakeTmp“ wird betreten]
  ignore line: [Building Fortran object CMakeFiles/cmTC_fa183.dir/CMakeFortranCompilerABI.F.o]
  ignore line: [/usr/bin/gfortran     -c /usr/share/cmake-3.5/Modules/CMakeFortranCompilerABI.F -o CMakeFiles/cmTC_fa183.dir/CMakeFortranCompilerABI.F.o]
  ignore line: [Linking Fortran executable cmTC_fa183]
  ignore line: [/usr/bin/cmake -E cmake_link_script CMakeFiles/cmTC_fa183.dir/link.txt --verbose=1]
  ignore line: [/usr/bin/gfortran    -v   CMakeFiles/cmTC_fa183.dir/CMakeFortranCompilerABI.F.o  -o cmTC_fa183   ]
  ignore line: [Driving: /usr/bin/gfortran -v CMakeFiles/cmTC_fa183.dir/CMakeFortranCompilerABI.F.o -o cmTC_fa183 -l gfortran -l m -shared-libgcc]
  ignore line: [Using built-in specs.]
  ignore line: [COLLECT_GCC=/usr/bin/gfortran]
  ignore line: [COLLECT_LTO_WRAPPER=/usr/lib/gcc/x86_64-linux-gnu/5/lto-wrapper]
  ignore line: [Target: x86_64-linux-gnu]
  ignore line: [Configured with: ../src/configure -v --with-pkgversion='Ubuntu 5.4.0-6ubuntu1~16.04.4' --with-bugurl=file:///usr/share/doc/gcc-5/README.Bugs --enable-languages=c,ada,c++,java,go,d,fortran,objc,obj-c++ --prefix=/usr --program-suffix=-5 --enable-shared --enable-linker-build-id --libexecdir=/usr/lib --without-included-gettext --enable-threads=posix --libdir=/usr/lib --enable-nls --with-sysroot=/ --enable-clocale=gnu --enable-libstdcxx-debug --enable-libstdcxx-time=yes --with-default-libstdcxx-abi=new --enable-gnu-unique-object --disable-vtable-verify --enable-libmpx --enable-plugin --with-system-zlib --disable-browser-plugin --enable-java-awt=gtk --enable-gtk-cairo --with-java-home=/usr/lib/jvm/java-1.5.0-gcj-5-amd64/jre --enable-java-home --with-jvm-root-dir=/usr/lib/jvm/java-1.5.0-gcj-5-amd64 --with-jvm-jar-dir=/usr/lib/jvm-exports/java-1.5.0-gcj-5-amd64 --with-arch-directory=amd64 --with-ecj-jar=/usr/share/java/eclipse-ecj.jar --enable-objc-gc --enable-multiarch --disable-werror --with-arch-32=i686 --with-abi=m64 --with-multilib-list=m32,m64,mx32 --enable-multilib --with-tune=generic --enable-checking=release --build=x86_64-linux-gnu --host=x86_64-linux-gnu --target=x86_64-linux-gnu]
  ignore line: [Thread model: posix]
  ignore line: [gcc version 5.4.0 20160609 (Ubuntu 5.4.0-6ubuntu1~16.04.4) ]
  ignore line: [Reading specs from /usr/lib/gcc/x86_64-linux-gnu/5/libgfortran.spec]
  ignore line: [rename spec lib to liborig]
  ignore line: [COLLECT_GCC_OPTIONS='-v' '-o' 'cmTC_fa183' '-shared-libgcc' '-mtune=generic' '-march=x86-64']
  ignore line: [COMPILER_PATH=/usr/lib/gcc/x86_64-linux-gnu/5/:/usr/lib/gcc/x86_64-linux-gnu/5/:/usr/lib/gcc/x86_64-linux-gnu/:/usr/lib/gcc/x86_64-linux-gnu/5/:/usr/lib/gcc/x86_64-linux-gnu/]
  ignore line: [LIBRARY_PATH=/usr/lib/gcc/x86_64-linux-gnu/5/:/usr/lib/gcc/x86_64-linux-gnu/5/../../../x86_64-linux-gnu/:/usr/lib/gcc/x86_64-linux-gnu/5/../../../../lib/:/lib/x86_64-linux-gnu/:/lib/../lib/:/usr/lib/x86_64-linux-gnu/:/usr/lib/../lib/:/usr/lib/gcc/x86_64-linux-gnu/5/../../../:/lib/:/usr/lib/]
  ignore line: [COLLECT_GCC_OPTIONS='-v' '-o' 'cmTC_fa183' '-shared-libgcc' '-mtune=generic' '-march=x86-64']
  link line: [ /usr/lib/gcc/x86_64-linux-gnu/5/collect2 -plugin /usr/lib/gcc/x86_64-linux-gnu/5/liblto_plugin.so -plugin-opt=/usr/lib/gcc/x86_64-linux-gnu/5/lto-wrapper -plugin-opt=-fresolution=/tmp/ccxz1K75.res -plugin-opt=-pass-through=-lgcc_s -plugin-opt=-pass-through=-lgcc -plugin-opt=-pass-through=-lquadmath -plugin-opt=-pass-through=-lm -plugin-opt=-pass-through=-lgcc_s -plugin-opt=-pass-through=-lgcc -plugin-opt=-pass-through=-lc -plugin-opt=-pass-through=-lgcc_s -plugin-opt=-pass-through=-lgcc --sysroot=/ --build-id --eh-frame-hdr -m elf_x86_64 --hash-style=gnu --as-needed -dynamic-linker /lib64/ld-linux-x86-64.so.2 -z relro -o cmTC_fa183 /usr/lib/gcc/x86_64-linux-gnu/5/../../../x86_64-linux-gnu/crt1.o /usr/lib/gcc/x86_64-linux-gnu/5/../../../x86_64-linux-gnu/crti.o /usr/lib/gcc/x86_64-linux-gnu/5/crtbegin.o -L/usr/lib/gcc/x86_64-linux-gnu/5 -L/usr/lib/gcc/x86_64-linux-gnu/5/../../../x86_64-linux-gnu -L/usr/lib/gcc/x86_64-linux-gnu/5/../../../../lib -L/lib/x86_64-linux-gnu -L/lib/../lib -L/usr/lib/x86_64-linux-gnu -L/usr/lib/../lib -L/usr/lib/gcc/x86_64-linux-gnu/5/../../.. CMakeFiles/cmTC_fa183.dir/CMakeFortranCompilerABI.F.o -lgfortran -lm -lgcc_s -lgcc -lquadmath -lm -lgcc_s -lgcc -lc -lgcc_s -lgcc /usr/lib/gcc/x86_64-linux-gnu/5/crtend.o /usr/lib/gcc/x86_64-linux-gnu/5/../../../x86_64-linux-gnu/crtn.o]
    arg [/usr/lib/gcc/x86_64-linux-gnu/5/collect2] ==> ignore
    arg [-plugin] ==> ignore
    arg [/usr/lib/gcc/x86_64-linux-gnu/5/liblto_plugin.so] ==> ignore
    arg [-plugin-opt=/usr/lib/gcc/x86_64-linux-gnu/5/lto-wrapper] ==> ignore
    arg [-plugin-opt=-fresolution=/tmp/ccxz1K75.res] ==> ignore
    arg [-plugin-opt=-pass-through=-lgcc_s] ==> ignore
    arg [-plugin-opt=-pass-through=-lgcc] ==> ignore
    arg [-plugin-opt=-pass-through=-lquadmath] ==> ignore
    arg [-plugin-opt=-pass-through=-lm] ==> ignore
    arg [-plugin-opt=-pass-through=-lgcc_s] ==> ignore
    arg [-plugin-opt=-pass-through=-lgcc] ==> ignore
    arg [-plugin-opt=-pass-through=-lc] ==> ignore
    arg [-plugin-opt=-pass-through=-lgcc_s] ==> ignore
    arg [-plugin-opt=-pass-through=-lgcc] ==> ignore
    arg [--sysroot=/] ==> ignore
    arg [--build-id] ==> ignore
    arg [--eh-frame-hdr] ==> ignore
    arg [-m] ==> ignore
    arg [elf_x86_64] ==> ignore
    arg [--hash-style=gnu] ==> ignore
    arg [--as-needed] ==> ignore
    arg [-dynamic-linker] ==> ignore
    arg [/lib64/ld-linux-x86-64.so.2] ==> ignore
    arg [-zrelro] ==> ignore
    arg [-o] ==> ignore
    arg [cmTC_fa183] ==> ignore
    arg [/usr/lib/gcc/x86_64-linux-gnu/5/../../../x86_64-linux-gnu/crt1.o] ==> ignore
    arg [/usr/lib/gcc/x86_64-linux-gnu/5/../../../x86_64-linux-gnu/crti.o] ==> ignore
    arg [/usr/lib/gcc/x86_64-linux-gnu/5/crtbegin.o] ==> ignore
    arg [-L/usr/lib/gcc/x86_64-linux-gnu/5] ==> dir [/usr/lib/gcc/x86_64-linux-gnu/5]
    arg [-L/usr/lib/gcc/x86_64-linux-gnu/5/../../../x86_64-linux-gnu] ==> dir [/usr/lib/gcc/x86_64-linux-gnu/5/../../../x86_64-linux-gnu]
    arg [-L/usr/lib/gcc/x86_64-linux-gnu/5/../../../../lib] ==> dir [/usr/lib/gcc/x86_64-linux-gnu/5/../../../../lib]
    arg [-L/lib/x86_64-linux-gnu] ==> dir [/lib/x86_64-linux-gnu]
    arg [-L/lib/../lib] ==> dir [/lib/../lib]
    arg [-L/usr/lib/x86_64-linux-gnu] ==> dir [/usr/lib/x86_64-linux-gnu]
    arg [-L/usr/lib/../lib] ==> dir [/usr/lib/../lib]
    arg [-L/usr/lib/gcc/x86_64-linux-gnu/5/../../..] ==> dir [/usr/lib/gcc/x86_64-linux-gnu/5/../../..]
    arg [CMakeFiles/cmTC_fa183.dir/CMakeFortranCompilerABI.F.o] ==> ignore
    arg [-lgfortran] ==> lib [gfortran]
    arg [-lm] ==> lib [m]
    arg [-lgcc_s] ==> lib [gcc_s]
    arg [-lgcc] ==> lib [gcc]
    arg [-lquadmath] ==> lib [quadmath]
    arg [-lm] ==> lib [m]
    arg [-lgcc_s] ==> lib [gcc_s]
    arg [-lgcc] ==> lib [gcc]
    arg [-lc] ==> lib [c]
    arg [-lgcc_s] ==> lib [gcc_s]
    arg [-lgcc] ==> lib [gcc]
    arg [/usr/lib/gcc/x86_64-linux-gnu/5/crtend.o] ==> ignore
    arg [/usr/lib/gcc/x86_64-linux-gnu/5/../../../x86_64-linux-gnu/crtn.o] ==> ignore
  remove lib [gcc_s]
  remove lib [gcc]
  remove lib [gcc_s]
  remove lib [gcc]
  remove lib [gcc_s]
  remove lib [gcc]
  collapse library dir [/usr/lib/gcc/x86_64-linux-gnu/5] ==> [/usr/lib/gcc/x86_64-linux-gnu/5]
  collapse library dir [/usr/lib/gcc/x86_64-linux-gnu/5/../../../x86_64-linux-gnu] ==> [/usr/lib/x86_64-linux-gnu]
  collapse library dir [/usr/lib/gcc/x86_64-linux-gnu/5/../../../../lib] ==> [/usr/lib]
  collapse library dir [/lib/x86_64-linux-gnu] ==> [/lib/x86_64-linux-gnu]
  collapse library dir [/lib/../lib] ==> [/lib]
  collapse library dir [/usr/lib/x86_64-linux-gnu] ==> [/usr/lib/x86_64-linux-gnu]
  collapse library dir [/usr/lib/../lib] ==> [/usr/lib]
  collapse library dir [/usr/lib/gcc/x86_64-linux-gnu/5/../../..] ==> [/usr/lib]
  implicit libs: [gfortran;m;quadmath;m;c]
  implicit dirs: [/usr/lib/gcc/x86_64-linux-gnu/5;/usr/lib/x86_64-linux-gnu;/usr/lib;/lib/x86_64-linux-gnu;/lib]
  implicit fwks: []


Determining if the Fortran compiler supports Fortran 90 passed with the following output:
Change Dir: /data/homes/klotz/opencmiss/examples/multiscale_muscle/build_debug/CMakeFiles/CMakeTmp

Run Build Command:"/usr/bin/make" "cmTC_db9a0/fast"
/usr/bin/make -f CMakeFiles/cmTC_db9a0.dir/build.make CMakeFiles/cmTC_db9a0.dir/build
make[1]: Verzeichnis „/data/homes/klotz/opencmiss/examples/multiscale_muscle/build_debug/CMakeFiles/CMakeTmp“ wird betreten
Building Fortran object CMakeFiles/cmTC_db9a0.dir/testFortranCompilerF90.f90.o
/usr/bin/gfortran     -c /data/homes/klotz/opencmiss/examples/multiscale_muscle/build_debug/CMakeFiles/CMakeTmp/testFortranCompilerF90.f90 -o CMakeFiles/cmTC_db9a0.dir/testFortranCompilerF90.f90.o
Linking Fortran executable cmTC_db9a0
/usr/bin/cmake -E cmake_link_script CMakeFiles/cmTC_db9a0.dir/link.txt --verbose=1
/usr/bin/gfortran       CMakeFiles/cmTC_db9a0.dir/testFortranCompilerF90.f90.o  -o cmTC_db9a0  
make[1]: Verzeichnis „/data/homes/klotz/opencmiss/examples/multiscale_muscle/build_debug/CMakeFiles/CMakeTmp“ wird verlassen


Determining if the include file pthread.h exists passed with the following output:
Change Dir: /data/homes/klotz/opencmiss/examples/multiscale_muscle/build_debug/CMakeFiles/CMakeTmp

Run Build Command:"/usr/bin/make" "cmTC_3700b/fast"
/usr/bin/make -f CMakeFiles/cmTC_3700b.dir/build.make CMakeFiles/cmTC_3700b.dir/build
make[1]: Verzeichnis „/data/homes/klotz/opencmiss/examples/multiscale_muscle/build_debug/CMakeFiles/CMakeTmp“ wird betreten
Building C object CMakeFiles/cmTC_3700b.dir/CheckIncludeFile.c.o
/usr/bin/cc     -o CMakeFiles/cmTC_3700b.dir/CheckIncludeFile.c.o   -c /data/homes/klotz/opencmiss/examples/multiscale_muscle/build_debug/CMakeFiles/CMakeTmp/CheckIncludeFile.c
Linking C executable cmTC_3700b
/usr/bin/cmake -E cmake_link_script CMakeFiles/cmTC_3700b.dir/link.txt --verbose=1
/usr/bin/cc       CMakeFiles/cmTC_3700b.dir/CheckIncludeFile.c.o  -o cmTC_3700b -rdynamic 
make[1]: Verzeichnis „/data/homes/klotz/opencmiss/examples/multiscale_muscle/build_debug/CMakeFiles/CMakeTmp“ wird verlassen


Determining if the function pthread_create exists in the pthread passed with the following output:
Change Dir: /data/homes/klotz/opencmiss/examples/multiscale_muscle/build_debug/CMakeFiles/CMakeTmp

Run Build Command:"/usr/bin/make" "cmTC_c6ef1/fast"
/usr/bin/make -f CMakeFiles/cmTC_c6ef1.dir/build.make CMakeFiles/cmTC_c6ef1.dir/build
make[1]: Verzeichnis „/data/homes/klotz/opencmiss/examples/multiscale_muscle/build_debug/CMakeFiles/CMakeTmp“ wird betreten
Building C object CMakeFiles/cmTC_c6ef1.dir/CheckFunctionExists.c.o
/usr/bin/cc    -DCHECK_FUNCTION_EXISTS=pthread_create   -o CMakeFiles/cmTC_c6ef1.dir/CheckFunctionExists.c.o   -c /usr/share/cmake-3.5/Modules/CheckFunctionExists.c
Linking C executable cmTC_c6ef1
/usr/bin/cmake -E cmake_link_script CMakeFiles/cmTC_c6ef1.dir/link.txt --verbose=1
/usr/bin/cc   -DCHECK_FUNCTION_EXISTS=pthread_create    CMakeFiles/cmTC_c6ef1.dir/CheckFunctionExists.c.o  -o cmTC_c6ef1 -rdynamic -lpthread 
make[1]: Verzeichnis „/data/homes/klotz/opencmiss/examples/multiscale_muscle/build_debug/CMakeFiles/CMakeTmp“ wird verlassen


Determining if the function XOpenDisplay exists in the /usr/lib/x86_64-linux-gnu/libX11.so;/usr/lib/x86_64-linux-gnu/libXext.so passed with the following output:
Change Dir: /data/homes/klotz/opencmiss/examples/multiscale_muscle/build_debug/CMakeFiles/CMakeTmp

Run Build Command:"/usr/bin/make" "cmTC_d72ac/fast"
/usr/bin/make -f CMakeFiles/cmTC_d72ac.dir/build.make CMakeFiles/cmTC_d72ac.dir/build
make[1]: Verzeichnis „/data/homes/klotz/opencmiss/examples/multiscale_muscle/build_debug/CMakeFiles/CMakeTmp“ wird betreten
Building C object CMakeFiles/cmTC_d72ac.dir/CheckFunctionExists.c.o
/usr/bin/cc    -DCHECK_FUNCTION_EXISTS=XOpenDisplay   -o CMakeFiles/cmTC_d72ac.dir/CheckFunctionExists.c.o   -c /usr/share/cmake-3.5/Modules/CheckFunctionExists.c
Linking C executable cmTC_d72ac
/usr/bin/cmake -E cmake_link_script CMakeFiles/cmTC_d72ac.dir/link.txt --verbose=1
/usr/bin/cc   -DCHECK_FUNCTION_EXISTS=XOpenDisplay    CMakeFiles/cmTC_d72ac.dir/CheckFunctionExists.c.o  -o cmTC_d72ac -rdynamic /usr/lib/x86_64-linux-gnu/libX11.so /usr/lib/x86_64-linux-gnu/libXext.so 
make[1]: Verzeichnis „/data/homes/klotz/opencmiss/examples/multiscale_muscle/build_debug/CMakeFiles/CMakeTmp“ wird verlassen


Determining if the function gethostbyname exists passed with the following output:
Change Dir: /data/homes/klotz/opencmiss/examples/multiscale_muscle/build_debug/CMakeFiles/CMakeTmp

Run Build Command:"/usr/bin/make" "cmTC_48d5f/fast"
/usr/bin/make -f CMakeFiles/cmTC_48d5f.dir/build.make CMakeFiles/cmTC_48d5f.dir/build
make[1]: Verzeichnis „/data/homes/klotz/opencmiss/examples/multiscale_muscle/build_debug/CMakeFiles/CMakeTmp“ wird betreten
Building C object CMakeFiles/cmTC_48d5f.dir/CheckFunctionExists.c.o
/usr/bin/cc    -DCHECK_FUNCTION_EXISTS=gethostbyname   -o CMakeFiles/cmTC_48d5f.dir/CheckFunctionExists.c.o   -c /usr/share/cmake-3.5/Modules/CheckFunctionExists.c
Linking C executable cmTC_48d5f
/usr/bin/cmake -E cmake_link_script CMakeFiles/cmTC_48d5f.dir/link.txt --verbose=1
/usr/bin/cc   -DCHECK_FUNCTION_EXISTS=gethostbyname    CMakeFiles/cmTC_48d5f.dir/CheckFunctionExists.c.o  -o cmTC_48d5f -rdynamic 
make[1]: Verzeichnis „/data/homes/klotz/opencmiss/examples/multiscale_muscle/build_debug/CMakeFiles/CMakeTmp“ wird verlassen


Determining if the function connect exists passed with the following output:
Change Dir: /data/homes/klotz/opencmiss/examples/multiscale_muscle/build_debug/CMakeFiles/CMakeTmp

Run Build Command:"/usr/bin/make" "cmTC_421a6/fast"
/usr/bin/make -f CMakeFiles/cmTC_421a6.dir/build.make CMakeFiles/cmTC_421a6.dir/build
make[1]: Verzeichnis „/data/homes/klotz/opencmiss/examples/multiscale_muscle/build_debug/CMakeFiles/CMakeTmp“ wird betreten
Building C object CMakeFiles/cmTC_421a6.dir/CheckFunctionExists.c.o
/usr/bin/cc    -DCHECK_FUNCTION_EXISTS=connect   -o CMakeFiles/cmTC_421a6.dir/CheckFunctionExists.c.o   -c /usr/share/cmake-3.5/Modules/CheckFunctionExists.c
Linking C executable cmTC_421a6
/usr/bin/cmake -E cmake_link_script CMakeFiles/cmTC_421a6.dir/link.txt --verbose=1
/usr/bin/cc   -DCHECK_FUNCTION_EXISTS=connect    CMakeFiles/cmTC_421a6.dir/CheckFunctionExists.c.o  -o cmTC_421a6 -rdynamic 
make[1]: Verzeichnis „/data/homes/klotz/opencmiss/examples/multiscale_muscle/build_debug/CMakeFiles/CMakeTmp“ wird verlassen


Determining if the function remove exists passed with the following output:
Change Dir: /data/homes/klotz/opencmiss/examples/multiscale_muscle/build_debug/CMakeFiles/CMakeTmp

Run Build Command:"/usr/bin/make" "cmTC_76165/fast"
/usr/bin/make -f CMakeFiles/cmTC_76165.dir/build.make CMakeFiles/cmTC_76165.dir/build
make[1]: Verzeichnis „/data/homes/klotz/opencmiss/examples/multiscale_muscle/build_debug/CMakeFiles/CMakeTmp“ wird betreten
Building C object CMakeFiles/cmTC_76165.dir/CheckFunctionExists.c.o
/usr/bin/cc    -DCHECK_FUNCTION_EXISTS=remove   -o CMakeFiles/cmTC_76165.dir/CheckFunctionExists.c.o   -c /usr/share/cmake-3.5/Modules/CheckFunctionExists.c
Linking C executable cmTC_76165
/usr/bin/cmake -E cmake_link_script CMakeFiles/cmTC_76165.dir/link.txt --verbose=1
/usr/bin/cc   -DCHECK_FUNCTION_EXISTS=remove    CMakeFiles/cmTC_76165.dir/CheckFunctionExists.c.o  -o cmTC_76165 -rdynamic 
make[1]: Verzeichnis „/data/homes/klotz/opencmiss/examples/multiscale_muscle/build_debug/CMakeFiles/CMakeTmp“ wird verlassen


Determining if the function shmat exists passed with the following output:
Change Dir: /data/homes/klotz/opencmiss/examples/multiscale_muscle/build_debug/CMakeFiles/CMakeTmp

Run Build Command:"/usr/bin/make" "cmTC_3b7f1/fast"
/usr/bin/make -f CMakeFiles/cmTC_3b7f1.dir/build.make CMakeFiles/cmTC_3b7f1.dir/build
make[1]: Verzeichnis „/data/homes/klotz/opencmiss/examples/multiscale_muscle/build_debug/CMakeFiles/CMakeTmp“ wird betreten
Building C object CMakeFiles/cmTC_3b7f1.dir/CheckFunctionExists.c.o
/usr/bin/cc    -DCHECK_FUNCTION_EXISTS=shmat   -o CMakeFiles/cmTC_3b7f1.dir/CheckFunctionExists.c.o   -c /usr/share/cmake-3.5/Modules/CheckFunctionExists.c
Linking C executable cmTC_3b7f1
/usr/bin/cmake -E cmake_link_script CMakeFiles/cmTC_3b7f1.dir/link.txt --verbose=1
/usr/bin/cc   -DCHECK_FUNCTION_EXISTS=shmat    CMakeFiles/cmTC_3b7f1.dir/CheckFunctionExists.c.o  -o cmTC_3b7f1 -rdynamic 
make[1]: Verzeichnis „/data/homes/klotz/opencmiss/examples/multiscale_muscle/build_debug/CMakeFiles/CMakeTmp“ wird verlassen


Determining if the function IceConnectionNumber exists in the ICE passed with the following output:
Change Dir: /data/homes/klotz/opencmiss/examples/multiscale_muscle/build_debug/CMakeFiles/CMakeTmp

Run Build Command:"/usr/bin/make" "cmTC_ff212/fast"
/usr/bin/make -f CMakeFiles/cmTC_ff212.dir/build.make CMakeFiles/cmTC_ff212.dir/build
make[1]: Verzeichnis „/data/homes/klotz/opencmiss/examples/multiscale_muscle/build_debug/CMakeFiles/CMakeTmp“ wird betreten
Building C object CMakeFiles/cmTC_ff212.dir/CheckFunctionExists.c.o
/usr/bin/cc    -DCHECK_FUNCTION_EXISTS=IceConnectionNumber   -o CMakeFiles/cmTC_ff212.dir/CheckFunctionExists.c.o   -c /usr/share/cmake-3.5/Modules/CheckFunctionExists.c
Linking C executable cmTC_ff212
/usr/bin/cmake -E cmake_link_script CMakeFiles/cmTC_ff212.dir/link.txt --verbose=1
/usr/bin/cc   -DCHECK_FUNCTION_EXISTS=IceConnectionNumber    CMakeFiles/cmTC_ff212.dir/CheckFunctionExists.c.o  -o cmTC_ff212 -rdynamic -lICE 
make[1]: Verzeichnis „/data/homes/klotz/opencmiss/examples/multiscale_muscle/build_debug/CMakeFiles/CMakeTmp“ wird verlassen


Performing Fortran SOURCE FILE Test MPI_Fortran_MODULE_COMPATIBLE succeeded with the following output:
Change Dir: /data/homes/klotz/opencmiss/examples/multiscale_muscle/build_debug/CMakeFiles/CMakeTmp

Run Build Command:"/usr/bin/make" "cmTC_30808/fast"
/usr/bin/make -f CMakeFiles/cmTC_30808.dir/build.make CMakeFiles/cmTC_30808.dir/build
make[1]: Verzeichnis „/data/homes/klotz/opencmiss/examples/multiscale_muscle/build_debug/CMakeFiles/CMakeTmp“ wird betreten
Building Fortran object CMakeFiles/cmTC_30808.dir/src.F.o
/usr/bin/gfortran   -I/usr/lib/openmpi/include -I/usr/lib/openmpi/lib  -DMPI_Fortran_MODULE_COMPATIBLE   -c /data/homes/klotz/opencmiss/examples/multiscale_muscle/build_debug/CMakeFiles/CMakeTmp/src.F -o CMakeFiles/cmTC_30808.dir/src.F.o
Linking Fortran executable cmTC_30808
/usr/bin/cmake -E cmake_link_script CMakeFiles/cmTC_30808.dir/link.txt --verbose=1
/usr/bin/gfortran      -DMPI_Fortran_MODULE_COMPATIBLE CMakeFiles/cmTC_30808.dir/src.F.o  -o cmTC_30808  /usr/lib/openmpi/lib/libmpi_usempif08.so /usr/lib/openmpi/lib/libmpi_usempi_ignore_tkr.so /usr/lib/openmpi/lib/libmpi_mpifh.so /usr/lib/openmpi/lib/libmpi.so -Wl,-rpath,/usr/lib/openmpi/lib 
make[1]: Verzeichnis „/data/homes/klotz/opencmiss/examples/multiscale_muscle/build_debug/CMakeFiles/CMakeTmp“ wird verlassen

Source file was:
	program test_mpi_module
                    	use mpi
                    	end program test_mpi_module
Determining if the include file pthread.h exists passed with the following output:
Change Dir: /data/homes/klotz/opencmiss/examples/multiscale_muscle_titin/build_debug/CMakeFiles/CMakeTmp

Run Build Command:"/usr/bin/make" "cmTC_2ce46/fast"
/usr/bin/make -f CMakeFiles/cmTC_2ce46.dir/build.make CMakeFiles/cmTC_2ce46.dir/build
make[1]: Verzeichnis „/data/homes/klotz/opencmiss/examples/multiscale_muscle_titin/build_debug/CMakeFiles/CMakeTmp“ wird betreten
Building C object CMakeFiles/cmTC_2ce46.dir/CheckIncludeFile.c.o
/usr/bin/cc     -o CMakeFiles/cmTC_2ce46.dir/CheckIncludeFile.c.o   -c /data/homes/klotz/opencmiss/examples/multiscale_muscle_titin/build_debug/CMakeFiles/CMakeTmp/CheckIncludeFile.c
Linking C executable cmTC_2ce46
/usr/bin/cmake -E cmake_link_script CMakeFiles/cmTC_2ce46.dir/link.txt --verbose=1
/usr/bin/cc       CMakeFiles/cmTC_2ce46.dir/CheckIncludeFile.c.o  -o cmTC_2ce46 -rdynamic 
make[1]: Verzeichnis „/data/homes/klotz/opencmiss/examples/multiscale_muscle_titin/build_debug/CMakeFiles/CMakeTmp“ wird verlassen


Determining if the function pthread_create exists in the pthread passed with the following output:
Change Dir: /data/homes/klotz/opencmiss/examples/multiscale_muscle_titin/build_debug/CMakeFiles/CMakeTmp

Run Build Command:"/usr/bin/make" "cmTC_56ca2/fast"
/usr/bin/make -f CMakeFiles/cmTC_56ca2.dir/build.make CMakeFiles/cmTC_56ca2.dir/build
make[1]: Verzeichnis „/data/homes/klotz/opencmiss/examples/multiscale_muscle_titin/build_debug/CMakeFiles/CMakeTmp“ wird betreten
Building C object CMakeFiles/cmTC_56ca2.dir/CheckFunctionExists.c.o
/usr/bin/cc    -DCHECK_FUNCTION_EXISTS=pthread_create   -o CMakeFiles/cmTC_56ca2.dir/CheckFunctionExists.c.o   -c /usr/share/cmake-3.5/Modules/CheckFunctionExists.c
Linking C executable cmTC_56ca2
/usr/bin/cmake -E cmake_link_script CMakeFiles/cmTC_56ca2.dir/link.txt --verbose=1
/usr/bin/cc   -DCHECK_FUNCTION_EXISTS=pthread_create    CMakeFiles/cmTC_56ca2.dir/CheckFunctionExists.c.o  -o cmTC_56ca2 -rdynamic -lpthread 
make[1]: Verzeichnis „/data/homes/klotz/opencmiss/examples/multiscale_muscle_titin/build_debug/CMakeFiles/CMakeTmp“ wird verlassen


Determining if the function XOpenDisplay exists in the /usr/lib/x86_64-linux-gnu/libX11.so;/usr/lib/x86_64-linux-gnu/libXext.so passed with the following output:
Change Dir: /data/homes/klotz/opencmiss/examples/multiscale_muscle_titin/build_debug/CMakeFiles/CMakeTmp

Run Build Command:"/usr/bin/make" "cmTC_115e1/fast"
/usr/bin/make -f CMakeFiles/cmTC_115e1.dir/build.make CMakeFiles/cmTC_115e1.dir/build
make[1]: Verzeichnis „/data/homes/klotz/opencmiss/examples/multiscale_muscle_titin/build_debug/CMakeFiles/CMakeTmp“ wird betreten
Building C object CMakeFiles/cmTC_115e1.dir/CheckFunctionExists.c.o
/usr/bin/cc    -DCHECK_FUNCTION_EXISTS=XOpenDisplay   -o CMakeFiles/cmTC_115e1.dir/CheckFunctionExists.c.o   -c /usr/share/cmake-3.5/Modules/CheckFunctionExists.c
Linking C executable cmTC_115e1
/usr/bin/cmake -E cmake_link_script CMakeFiles/cmTC_115e1.dir/link.txt --verbose=1
/usr/bin/cc   -DCHECK_FUNCTION_EXISTS=XOpenDisplay    CMakeFiles/cmTC_115e1.dir/CheckFunctionExists.c.o  -o cmTC_115e1 -rdynamic /usr/lib/x86_64-linux-gnu/libX11.so /usr/lib/x86_64-linux-gnu/libXext.so 
make[1]: Verzeichnis „/data/homes/klotz/opencmiss/examples/multiscale_muscle_titin/build_debug/CMakeFiles/CMakeTmp“ wird verlassen


Determining if the function gethostbyname exists passed with the following output:
Change Dir: /data/homes/klotz/opencmiss/examples/multiscale_muscle_titin/build_debug/CMakeFiles/CMakeTmp

Run Build Command:"/usr/bin/make" "cmTC_716bc/fast"
/usr/bin/make -f CMakeFiles/cmTC_716bc.dir/build.make CMakeFiles/cmTC_716bc.dir/build
make[1]: Verzeichnis „/data/homes/klotz/opencmiss/examples/multiscale_muscle_titin/build_debug/CMakeFiles/CMakeTmp“ wird betreten
Building C object CMakeFiles/cmTC_716bc.dir/CheckFunctionExists.c.o
/usr/bin/cc    -DCHECK_FUNCTION_EXISTS=gethostbyname   -o CMakeFiles/cmTC_716bc.dir/CheckFunctionExists.c.o   -c /usr/share/cmake-3.5/Modules/CheckFunctionExists.c
Linking C executable cmTC_716bc
/usr/bin/cmake -E cmake_link_script CMakeFiles/cmTC_716bc.dir/link.txt --verbose=1
/usr/bin/cc   -DCHECK_FUNCTION_EXISTS=gethostbyname    CMakeFiles/cmTC_716bc.dir/CheckFunctionExists.c.o  -o cmTC_716bc -rdynamic 
make[1]: Verzeichnis „/data/homes/klotz/opencmiss/examples/multiscale_muscle_titin/build_debug/CMakeFiles/CMakeTmp“ wird verlassen


Determining if the function connect exists passed with the following output:
Change Dir: /data/homes/klotz/opencmiss/examples/multiscale_muscle_titin/build_debug/CMakeFiles/CMakeTmp

Run Build Command:"/usr/bin/make" "cmTC_2514f/fast"
/usr/bin/make -f CMakeFiles/cmTC_2514f.dir/build.make CMakeFiles/cmTC_2514f.dir/build
make[1]: Verzeichnis „/data/homes/klotz/opencmiss/examples/multiscale_muscle_titin/build_debug/CMakeFiles/CMakeTmp“ wird betreten
Building C object CMakeFiles/cmTC_2514f.dir/CheckFunctionExists.c.o
/usr/bin/cc    -DCHECK_FUNCTION_EXISTS=connect   -o CMakeFiles/cmTC_2514f.dir/CheckFunctionExists.c.o   -c /usr/share/cmake-3.5/Modules/CheckFunctionExists.c
Linking C executable cmTC_2514f
/usr/bin/cmake -E cmake_link_script CMakeFiles/cmTC_2514f.dir/link.txt --verbose=1
/usr/bin/cc   -DCHECK_FUNCTION_EXISTS=connect    CMakeFiles/cmTC_2514f.dir/CheckFunctionExists.c.o  -o cmTC_2514f -rdynamic 
make[1]: Verzeichnis „/data/homes/klotz/opencmiss/examples/multiscale_muscle_titin/build_debug/CMakeFiles/CMakeTmp“ wird verlassen


Determining if the function remove exists passed with the following output:
Change Dir: /data/homes/klotz/opencmiss/examples/multiscale_muscle_titin/build_debug/CMakeFiles/CMakeTmp

Run Build Command:"/usr/bin/make" "cmTC_ca942/fast"
/usr/bin/make -f CMakeFiles/cmTC_ca942.dir/build.make CMakeFiles/cmTC_ca942.dir/build
make[1]: Verzeichnis „/data/homes/klotz/opencmiss/examples/multiscale_muscle_titin/build_debug/CMakeFiles/CMakeTmp“ wird betreten
Building C object CMakeFiles/cmTC_ca942.dir/CheckFunctionExists.c.o
/usr/bin/cc    -DCHECK_FUNCTION_EXISTS=remove   -o CMakeFiles/cmTC_ca942.dir/CheckFunctionExists.c.o   -c /usr/share/cmake-3.5/Modules/CheckFunctionExists.c
Linking C executable cmTC_ca942
/usr/bin/cmake -E cmake_link_script CMakeFiles/cmTC_ca942.dir/link.txt --verbose=1
/usr/bin/cc   -DCHECK_FUNCTION_EXISTS=remove    CMakeFiles/cmTC_ca942.dir/CheckFunctionExists.c.o  -o cmTC_ca942 -rdynamic 
make[1]: Verzeichnis „/data/homes/klotz/opencmiss/examples/multiscale_muscle_titin/build_debug/CMakeFiles/CMakeTmp“ wird verlassen


Determining if the function shmat exists passed with the following output:
Change Dir: /data/homes/klotz/opencmiss/examples/multiscale_muscle_titin/build_debug/CMakeFiles/CMakeTmp

Run Build Command:"/usr/bin/make" "cmTC_61490/fast"
/usr/bin/make -f CMakeFiles/cmTC_61490.dir/build.make CMakeFiles/cmTC_61490.dir/build
make[1]: Verzeichnis „/data/homes/klotz/opencmiss/examples/multiscale_muscle_titin/build_debug/CMakeFiles/CMakeTmp“ wird betreten
Building C object CMakeFiles/cmTC_61490.dir/CheckFunctionExists.c.o
/usr/bin/cc    -DCHECK_FUNCTION_EXISTS=shmat   -o CMakeFiles/cmTC_61490.dir/CheckFunctionExists.c.o   -c /usr/share/cmake-3.5/Modules/CheckFunctionExists.c
Linking C executable cmTC_61490
/usr/bin/cmake -E cmake_link_script CMakeFiles/cmTC_61490.dir/link.txt --verbose=1
/usr/bin/cc   -DCHECK_FUNCTION_EXISTS=shmat    CMakeFiles/cmTC_61490.dir/CheckFunctionExists.c.o  -o cmTC_61490 -rdynamic 
make[1]: Verzeichnis „/data/homes/klotz/opencmiss/examples/multiscale_muscle_titin/build_debug/CMakeFiles/CMakeTmp“ wird verlassen


Determining if the function IceConnectionNumber exists in the ICE passed with the following output:
Change Dir: /data/homes/klotz/opencmiss/examples/multiscale_muscle_titin/build_debug/CMakeFiles/CMakeTmp

Run Build Command:"/usr/bin/make" "cmTC_09d68/fast"
/usr/bin/make -f CMakeFiles/cmTC_09d68.dir/build.make CMakeFiles/cmTC_09d68.dir/build
make[1]: Verzeichnis „/data/homes/klotz/opencmiss/examples/multiscale_muscle_titin/build_debug/CMakeFiles/CMakeTmp“ wird betreten
Building C object CMakeFiles/cmTC_09d68.dir/CheckFunctionExists.c.o
/usr/bin/cc    -DCHECK_FUNCTION_EXISTS=IceConnectionNumber   -o CMakeFiles/cmTC_09d68.dir/CheckFunctionExists.c.o   -c /usr/share/cmake-3.5/Modules/CheckFunctionExists.c
Linking C executable cmTC_09d68
/usr/bin/cmake -E cmake_link_script CMakeFiles/cmTC_09d68.dir/link.txt --verbose=1
/usr/bin/cc   -DCHECK_FUNCTION_EXISTS=IceConnectionNumber    CMakeFiles/cmTC_09d68.dir/CheckFunctionExists.c.o  -o cmTC_09d68 -rdynamic -lICE 
make[1]: Verzeichnis „/data/homes/klotz/opencmiss/examples/multiscale_muscle_titin/build_debug/CMakeFiles/CMakeTmp“ wird verlassen


Performing Fortran SOURCE FILE Test MPI_Fortran_MODULE_COMPATIBLE succeeded with the following output:
Change Dir: /data/homes/klotz/opencmiss/examples/multiscale_muscle_titin/build_debug/CMakeFiles/CMakeTmp

Run Build Command:"/usr/bin/make" "cmTC_2f2df/fast"
/usr/bin/make -f CMakeFiles/cmTC_2f2df.dir/build.make CMakeFiles/cmTC_2f2df.dir/build
make[1]: Verzeichnis „/data/homes/klotz/opencmiss/examples/multiscale_muscle_titin/build_debug/CMakeFiles/CMakeTmp“ wird betreten
Building Fortran object CMakeFiles/cmTC_2f2df.dir/src.F.o
/usr/bin/gfortran   -I/usr/lib/openmpi/include -I/usr/lib/openmpi/lib  -DMPI_Fortran_MODULE_COMPATIBLE   -c /data/homes/klotz/opencmiss/examples/multiscale_muscle_titin/build_debug/CMakeFiles/CMakeTmp/src.F -o CMakeFiles/cmTC_2f2df.dir/src.F.o
Linking Fortran executable cmTC_2f2df
/usr/bin/cmake -E cmake_link_script CMakeFiles/cmTC_2f2df.dir/link.txt --verbose=1
/usr/bin/gfortran      -DMPI_Fortran_MODULE_COMPATIBLE CMakeFiles/cmTC_2f2df.dir/src.F.o  -o cmTC_2f2df  /usr/lib/openmpi/lib/libmpi_usempif08.so /usr/lib/openmpi/lib/libmpi_usempi_ignore_tkr.so /usr/lib/openmpi/lib/libmpi_mpifh.so /usr/lib/openmpi/lib/libmpi.so -Wl,-rpath,/usr/lib/openmpi/lib 
make[1]: Verzeichnis „/data/homes/klotz/opencmiss/examples/multiscale_muscle_titin/build_debug/CMakeFiles/CMakeTmp“ wird verlassen

Source file was:
	program test_mpi_module
                    	use mpi
                    	end program test_mpi_module
