Determining if the pthread_create exist failed with the following output:
Change Dir: /usr/local/opencmiss/examples/TA_thomas/build_debug/CMakeFiles/CMakeTmp

Run Build Command:"/usr/bin/make" "cmTC_e7e25/fast"
/usr/bin/make -f CMakeFiles/cmTC_e7e25.dir/build.make CMakeFiles/cmTC_e7e25.dir/build
make[1]: Entering directory '/usr/local/opencmiss/examples/TA_thomas/build_debug/CMakeFiles/CMakeTmp'
Building C object CMakeFiles/cmTC_e7e25.dir/CheckSymbolExists.c.o
/usr/bin/cc     -o CMakeFiles/cmTC_e7e25.dir/CheckSymbolExists.c.o   -c /usr/local/opencmiss/examples/TA_thomas/build_debug/CMakeFiles/CMakeTmp/CheckSymbolExists.c
Linking C executable cmTC_e7e25
/usr/bin/cmake -E cmake_link_script CMakeFiles/cmTC_e7e25.dir/link.txt --verbose=1
/usr/bin/cc       CMakeFiles/cmTC_e7e25.dir/CheckSymbolExists.c.o  -o cmTC_e7e25 -rdynamic 
CMakeFiles/cmTC_e7e25.dir/CheckSymbolExists.c.o: In function `main':
CheckSymbolExists.c:(.text+0x16): undefined reference to `pthread_create'
collect2: error: ld returned 1 exit status
CMakeFiles/cmTC_e7e25.dir/build.make:97: recipe for target 'cmTC_e7e25' failed
make[1]: *** [cmTC_e7e25] Error 1
make[1]: Leaving directory '/usr/local/opencmiss/examples/TA_thomas/build_debug/CMakeFiles/CMakeTmp'
Makefile:126: recipe for target 'cmTC_e7e25/fast' failed
make: *** [cmTC_e7e25/fast] Error 2

File /usr/local/opencmiss/examples/TA_thomas/build_debug/CMakeFiles/CMakeTmp/CheckSymbolExists.c:
/* */
#include <pthread.h>

int main(int argc, char** argv)
{
  (void)argv;
#ifndef pthread_create
  return ((int*)(&pthread_create))[argc];
#else
  (void)argc;
  return 0;
#endif
}

Determining if the function pthread_create exists in the pthreads failed with the following output:
Change Dir: /usr/local/opencmiss/examples/TA_thomas/build_debug/CMakeFiles/CMakeTmp

Run Build Command:"/usr/bin/make" "cmTC_1c492/fast"
/usr/bin/make -f CMakeFiles/cmTC_1c492.dir/build.make CMakeFiles/cmTC_1c492.dir/build
make[1]: Entering directory '/usr/local/opencmiss/examples/TA_thomas/build_debug/CMakeFiles/CMakeTmp'
Building C object CMakeFiles/cmTC_1c492.dir/CheckFunctionExists.c.o
/usr/bin/cc    -DCHECK_FUNCTION_EXISTS=pthread_create   -o CMakeFiles/cmTC_1c492.dir/CheckFunctionExists.c.o   -c /usr/share/cmake-3.5/Modules/CheckFunctionExists.c
Linking C executable cmTC_1c492
/usr/bin/cmake -E cmake_link_script CMakeFiles/cmTC_1c492.dir/link.txt --verbose=1
/usr/bin/cc   -DCHECK_FUNCTION_EXISTS=pthread_create    CMakeFiles/cmTC_1c492.dir/CheckFunctionExists.c.o  -o cmTC_1c492 -rdynamic -lpthreads 
/usr/bin/ld: cannot find -lpthreads
collect2: error: ld returned 1 exit status
CMakeFiles/cmTC_1c492.dir/build.make:97: recipe for target 'cmTC_1c492' failed
make[1]: *** [cmTC_1c492] Error 1
make[1]: Leaving directory '/usr/local/opencmiss/examples/TA_thomas/build_debug/CMakeFiles/CMakeTmp'
Makefile:126: recipe for target 'cmTC_1c492/fast' failed
make: *** [cmTC_1c492/fast] Error 2


